<?xml version="1.0" encoding="UTF-8"?>
<!-- Generated by org.testng.reporters.JUnitXMLReporter -->
<testsuite hostname="Taruns-MacBook-Pro.local" name="TestLogin" tests="2" failures="0" timestamp="31 Aug 2015 04:35:51 GMT" time="17.074" errors="0">
  <testcase name="test_login_Page_InCorrect" time="1.783" classname="com.urbanladder.com.tests.TestLoginPage"/>
  <testcase name="test_login_Page_Correct" time="5.063" classname="com.urbanladder.com.tests.TestLoginPage"/>
</testsuite> <!-- TestLogin -->
