<?xml version="1.0" encoding="UTF-8"?>
<!-- Generated by org.testng.reporters.JUnitXMLReporter -->
<testsuite hostname="Taruns-MacBook-Pro.local" name="Command line test" tests="2" failures="1" timestamp="27 Aug 2015 11:07:11 GMT" time="17.203" errors="0">
  <testcase name="verifyLoginPageText" time="6.22" classname="com.urbanladder.com.spree_automation.TestNGExampleTests"/>
  <testcase name="verifyForgotPasswordPage" time="4.375" classname="com.urbanladder.com.spree_automation.TestNGExampleTests">
    <failure type="java.lang.AssertionError" message="expected [Wrong text] but found [Change your password]">
      <![CDATA[java.lang.AssertionError: expected [Wrong text] but found [Change your password]
	at com.urbanladder.com.spree_automation.TestNGExampleTests.verifyForgotPasswordPage(TestNGExampleTests.java:43)
... Removed 38 stack frames]]>
    </failure>
  </testcase> <!-- verifyForgotPasswordPage -->
</testsuite> <!-- Command line test -->
